============================= test session starts =============================
platform win32 -- Python 3.14.2, pytest-9.0.2, pluggy-1.6.0 -- C:\dev\ai-trader\.venv\Scripts\python.exe
cachedir: .pytest_cache
rootdir: C:\dev\ai-trader
configfile: pyproject.toml
plugins: anyio-4.12.0
collecting ... collected 623 items

tests/test_allocation.py::TestGetTotalEquity::test_get_equity_from_account_state PASSED [  0%]
tests/test_allocation.py::TestGetTotalEquity::test_get_equity_with_numeric_value PASSED [  0%]
tests/test_allocation.py::TestGetTotalEquity::test_get_equity_none_account_state PASSED [  0%]
tests/test_allocation.py::TestGetTotalEquity::test_get_equity_missing_field PASSED [  0%]
tests/test_allocation.py::TestGetTotalEquity::test_get_equity_invalid_value PASSED [  0%]
tests/test_allocation.py::TestComputeWeightSummary::test_normalize_weights_basic PASSED [  0%]
tests/test_allocation.py::TestComputeWeightSummary::test_normalize_weights_sum_zero PASSED [  1%]
tests/test_allocation.py::TestComputeWeightSummary::test_no_enabled_strategies PASSED [  1%]
tests/test_allocation.py::TestComputeStrategyBudget::test_compute_budget_basic PASSED [  1%]
tests/test_allocation.py::TestComputeStrategyBudget::test_compute_budget_negative_equity PASSED [  1%]
tests/test_allocation.py::TestComputeStrategyBudget::test_compute_budget_weight_out_of_range PASSED [  1%]
tests/test_allocation.py::TestComputeTargetNotional::test_compute_notional_basic PASSED [  1%]
tests/test_allocation.py::TestComputeTargetNotional::test_compute_notional_with_risk_limit PASSED [  2%]
tests/test_allocation.py::TestComputeTargetNotional::test_compute_notional_conviction_out_of_range PASSED [  2%]
tests/test_allocation.py::TestComputeQtyFromNotional::test_qty_fractional_allowed PASSED [  2%]
tests/test_allocation.py::TestComputeQtyFromNotional::test_qty_fractional_not_allowed PASSED [  2%]
tests/test_allocation.py::TestComputeQtyFromNotional::test_qty_with_decimal_price PASSED [  2%]
tests/test_allocation.py::TestComputeQtyFromNotional::test_qty_invalid_price PASSED [  2%]
tests/test_allocation.py::TestComputeQtyFromNotional::test_qty_negative_notional PASSED [  3%]
tests/test_allocation.py::TestComputeQtyFromNotional::test_qty_min_qty_enforcement PASSED [  3%]
tests/test_allocation.py::TestNetIntentsBySymbol::test_net_single_symbol_multiple_intents PASSED [  3%]
tests/test_allocation.py::TestNetIntentsBySymbol::test_net_multiple_symbols PASSED [  3%]
tests/test_allocation.py::TestNetIntentsBySymbol::test_net_canceling_intents PASSED [  3%]
tests/test_allocation.py::TestNetIntentsBySymbol::test_net_with_strategy_attribution PASSED [  3%]
tests/test_allocation.py::TestNetIntentsBySymbol::test_net_missing_price_data PASSED [  4%]
tests/test_allocation.py::TestNetIntentsBySymbol::test_net_invalid_price PASSED [  4%]
tests/test_allocation.py::TestIntegrationScenarios::test_full_allocation_flow PASSED [  4%]
tests/test_allocation.py::TestIntegrationScenarios::test_allocation_with_disabled_strategy PASSED [  4%]
tests/test_allocator.py::test_allocator_equal_weight PASSED              [  4%]
tests/test_allocator.py::test_allocator_passes_through_large_orders PASSED [  4%]
tests/test_allocator.py::test_allocator_risk_cap_total_notional PASSED   [  4%]
tests/test_allocator.py::test_allocator_missing_prices PASSED            [  5%]
tests/test_allocator.py::test_allocator_aggregates_across_strategies PASSED [  5%]
tests/test_allocator.py::test_allocator_no_strategies PASSED             [  5%]
tests/test_api.py::test_health_endpoint PASSED                           [  5%]
tests/test_api.py::test_account_summary_endpoint PASSED                  [  5%]
tests/test_api.py::test_strategies_endpoint PASSED                       [  5%]
tests/test_api.py::test_activity_endpoint_empty PASSED                   [  6%]
tests/test_api.py::test_activity_endpoint_with_limit PASSED              [  6%]
tests/test_api.py::test_enable_strategy_endpoint PASSED                  [  6%]
tests/test_api.py::test_enable_strategy_invalid_id PASSED                [  6%]
tests/test_api.py::test_update_weight_endpoint PASSED                    [  6%]
tests/test_api.py::test_update_weight_invalid_value PASSED               [  6%]
tests/test_api.py::test_update_weight_negative PASSED                    [  7%]
tests/test_api.py::test_update_params_endpoint PASSED                    [  7%]
tests/test_api.py::test_update_params_invalid_strategy PASSED            [  7%]
tests/test_api.py::test_multiple_changes_increment_version PASSED        [  7%]
tests/test_api.py::test_dashboard_endpoint PASSED                        [  7%]
tests/test_api.py::test_health_detailed_endpoint PASSED                  [  7%]
tests/test_api.py::test_allocation_endpoint PASSED                       [  8%]
tests/test_api.py::test_allocation_normalized_weights PASSED             [  8%]
tests/test_api.py::test_candidates_endpoint_no_snapshot PASSED           [  8%]
tests/test_api.py::test_candidates_endpoint_with_snapshot PASSED         [  8%]
tests/test_api.py::test_pause_trading_endpoint PASSED                    [  8%]
tests/test_api.py::test_pause_trading_idempotent PASSED                  [  8%]
tests/test_api.py::test_dashboard_has_new_sections PASSED                [  8%]
tests/test_api.py::test_universe_sectors_endpoint PASSED                 [  9%]
tests/test_api.py::test_enable_sector_endpoint PASSED                    [  9%]
tests/test_api.py::test_enable_sector_invalid_name PASSED                [  9%]
tests/test_api.py::test_reset_universe_endpoint PASSED                   [  9%]
tests/test_broker.py::test_submit_market_order PASSED                    [  9%]
tests/test_broker.py::test_submit_limit_order PASSED                     [  9%]
tests/test_broker.py::test_get_order_status PASSED                       [ 10%]
tests/test_broker.py::test_order_has_unique_id PASSED                    [ 10%]
tests/test_broker.py::test_mock_broker_stores_orders PASSED              [ 10%]
tests/test_broker.py::test_broker_rejects_duplicate_client_order_id PASSED [ 10%]
tests/test_broker.py::test_broker_order_exists PASSED                    [ 10%]
tests/test_broker.py::test_broker_get_open_orders PASSED                 [ 10%]
tests/test_broker.py::test_fractional_buy_market_order PASSED            [ 11%]
tests/test_broker.py::test_fractional_sell_market_order PASSED           [ 11%]
tests/test_broker.py::test_fractional_limit_order PASSED                 [ 11%]
tests/test_broker.py::test_whole_share_order_uses_int PASSED             [ 11%]
tests/test_broker.py::test_cancel_all_open_orders_empty PASSED           [ 11%]
tests/test_broker.py::test_cancel_all_open_orders_filled PASSED          [ 11%]
tests/test_candidates.py::TestCandidateSchema::test_valid_candidate PASSED [ 12%]
tests/test_candidates.py::TestCandidateSchema::test_invalid_confidence_range PASSED [ 12%]
tests/test_candidates.py::TestCandidateSchema::test_invalid_timestamp_format PASSED [ 12%]
tests/test_candidates.py::TestCandidateSchema::test_is_tradeable PASSED  [ 12%]
tests/test_candidates.py::TestCandidateSchema::test_is_expired PASSED    [ 12%]
tests/test_candidates.py::TestCandidateStorage::test_write_and_load_snapshot PASSED [ 12%]
tests/test_candidates.py::TestCandidateStorage::test_load_nonexistent_snapshot PASSED [ 13%]
tests/test_candidates.py::TestCandidateStorage::test_load_candidates_safe_fallback PASSED [ 13%]
tests/test_candidates.py::TestCandidateFiltering::test_filter_valid PASSED [ 13%]
tests/test_candidates.py::TestCandidateFiltering::test_filter_by_liquidity PASSED [ 13%]
tests/test_candidates.py::TestCandidateFiltering::test_deduplicate PASSED [ 13%]
tests/test_candidates.py::TestCandidateFiltering::test_get_tradeable_candidates_full_pipeline PASSED [ 13%]
tests/test_candidates.py::TestCandidatePropagation::test_intent_includes_candidate_id PASSED [ 13%]
tests/test_candidates.py::TestCandidatePropagation::test_intent_optional_candidate_id PASSED [ 14%]
tests/test_candidates.py::TestCandidatePropagation::test_strategy_propagates_candidate_id PASSED [ 14%]
tests/test_candidates.py::TestLedgerEvents::test_candidate_loaded_event PASSED [ 14%]
tests/test_candidates.py::TestLedgerEvents::test_strategy_intent_created_event PASSED [ 14%]
tests/test_candidates.py::TestLedgerEvents::test_strategy_intent_created_event_no_candidate PASSED [ 14%]
tests/test_candidates.py::TestLedgerEvents::test_order_placed_event_with_candidate_id PASSED [ 14%]
tests/test_cli.py::test_parse_args_default_mode PASSED                   [ 15%]
tests/test_cli.py::test_parse_args_with_mode PASSED                      [ 15%]
tests/test_cli.py::test_parse_args_with_symbols PASSED                   [ 15%]
tests/test_cli.py::test_parse_args_with_max_iterations PASSED            [ 15%]
tests/test_cli.py::test_parse_args_with_iterations_alias PASSED          [ 15%]
tests/test_cli.py::test_parse_args_with_run_id PASSED                    [ 15%]
tests/test_cli.py::test_parse_args_live_trading_flag PASSED              [ 16%]
tests/test_cli.py::test_parse_args_live_trading_flag_default_false PASSED [ 16%]
tests/test_cli.py::test_main_default_dry_run PASSED                      [ 16%]
tests/test_cli.py::test_main_live_without_ack_fails PASSED               [ 16%]
tests/test_cli.py::test_main_live_with_ack_succeeds PASSED               [ 16%]
tests/test_cli.py::test_main_paper_mode PASSED                           [ 16%]
tests/test_cli.py::test_main_with_symbols PASSED                         [ 17%]
tests/test_cli.py::test_main_with_symbols_whitespace PASSED              [ 17%]
tests/test_cli.py::test_main_with_max_iterations PASSED                  [ 17%]
tests/test_cli.py::test_main_with_iterations_alias PASSED                [ 17%]
tests/test_cli.py::test_main_with_custom_run_id PASSED                   [ 17%]
tests/test_cli.py::test_main_exception_handling PASSED                   [ 17%]
tests/test_cli.py::test_main_paper_mode_without_keys_fails PASSED        [ 17%]
tests/test_cli.py::test_main_live_mode_with_ack_without_keys_fails PASSED [ 18%]
tests/test_cli.py::test_parse_args_preflight_flag PASSED                 [ 18%]
tests/test_cli.py::test_parse_args_preflight_flag_default_false PASSED   [ 18%]
tests/test_cli.py::test_preflight_dry_run_mode PASSED                    [ 18%]
tests/test_cli.py::test_preflight_paper_mode_without_keys PASSED         [ 18%]
tests/test_cli.py::test_preflight_paper_mode_with_keys_success PASSED    [ 18%]
tests/test_cli.py::test_preflight_live_mode_without_acknowledgment PASSED [ 19%]
tests/test_cli.py::test_preflight_live_mode_with_acknowledgment_success PASSED [ 19%]
tests/test_cli.py::test_preflight_paper_mode_http_error PASSED           [ 19%]
tests/test_cli.py::test_parse_args_paper_test_order PASSED               [ 19%]
tests/test_cli.py::test_paper_test_order_success PASSED                  [ 19%]
tests/test_cli.py::test_paper_test_order_refuses_live_mode PASSED        [ 19%]
tests/test_cli.py::test_paper_test_order_invalid_quantity PASSED         [ 20%]
tests/test_cli.py::test_paper_test_order_without_keys PASSED             [ 20%]
tests/test_cli.py::test_parse_args_once_flag PASSED                      [ 20%]
tests/test_cli.py::test_parse_args_once_flag_default_false PASSED        [ 20%]
tests/test_cli.py::test_parse_args_compute_after_hours_flag PASSED       [ 20%]
tests/test_cli.py::test_parse_args_allow_after_hours_orders_flag PASSED  [ 20%]
tests/test_cli.py::test_once_flag_runs_one_iteration PASSED              [ 21%]
tests/test_cli.py::test_allow_after_hours_orders_refuses_live_mode PASSED [ 21%]
tests/test_cli.py::test_allow_after_hours_orders_requires_compute_after_hours PASSED [ 21%]
tests/test_cli.py::test_compute_after_hours_passed_to_loop PASSED        [ 21%]
tests/test_cli.py::test_parse_args_test_order_flag PASSED                [ 21%]
tests/test_cli.py::test_parse_args_test_order_flag_default_false PASSED  [ 21%]
tests/test_cli.py::test_test_order_requires_live_mode PASSED             [ 21%]
tests/test_cli.py::test_test_order_requires_i_understand_live_trading PASSED [ 22%]
tests/test_cli.py::test_test_order_requires_enable_live_trading_env PASSED [ 22%]
tests/test_cli.py::test_test_order_requires_api_keys PASSED              [ 22%]
tests/test_cli.py::test_test_order_success PASSED                        [ 22%]
tests/test_cli.py::test_test_order_fails_risk_check PASSED               [ 22%]
tests/test_cli.py::test_parse_args_list_open_orders PASSED               [ 22%]
tests/test_cli.py::test_parse_args_list_open_orders_default_false PASSED [ 23%]
tests/test_cli.py::test_parse_args_cancel_order_id PASSED                [ 23%]
tests/test_cli.py::test_parse_args_cancel_client_order_id PASSED         [ 23%]
tests/test_cli.py::test_parse_args_replace_order_id PASSED               [ 23%]
tests/test_cli.py::test_parse_args_limit_price PASSED                    [ 23%]
tests/test_cli.py::test_parse_args_qty PASSED                            [ 23%]
tests/test_cli.py::test_list_open_orders_requires_live_mode PASSED       [ 24%]
tests/test_cli.py::test_list_open_orders_requires_i_understand_live_trading PASSED [ 24%]
tests/test_cli.py::test_list_open_orders_requires_enable_live_trading_env PASSED [ 24%]
tests/test_cli.py::test_list_open_orders_success PASSED                  [ 24%]
tests/test_cli.py::test_cancel_order_requires_live_mode PASSED           [ 24%]
tests/test_cli.py::test_cancel_order_requires_i_understand_live_trading PASSED [ 24%]
tests/test_cli.py::test_cancel_order_requires_enable_live_trading_env PASSED [ 25%]
tests/test_cli.py::test_cancel_order_by_id_success PASSED                [ 25%]
tests/test_cli.py::test_cancel_order_by_client_id_success PASSED         [ 25%]
tests/test_cli.py::test_replace_order_requires_live_mode PASSED          [ 25%]
tests/test_cli.py::test_replace_order_requires_i_understand_live_trading PASSED [ 25%]
tests/test_cli.py::test_replace_order_requires_enable_live_trading_env PASSED [ 25%]
tests/test_cli.py::test_replace_order_requires_limit_price PASSED        [ 26%]
tests/test_cli.py::test_replace_order_success PASSED                     [ 26%]
tests/test_cli.py::test_replace_order_with_quantity_success PASSED       [ 26%]
tests/test_cli.py::test_replace_order_fails_risk_check PASSED            [ 26%]
tests/test_config.py::test_config_default_values PASSED                  [ 26%]
tests/test_config.py::test_config_custom_values PASSED                   [ 26%]
tests/test_config.py::test_load_config_with_env_vars PASSED              [ 26%]
tests/test_config.py::test_load_config_defaults_without_env PASSED       [ 27%]
tests/test_config.py::test_load_config_with_yaml_sector_universe PASSED  [ 27%]
tests/test_config.py::test_load_config_backward_compatibility PASSED     [ 27%]
tests/test_constituent_proposals.py::test_constituent_change_dataclass PASSED [ 27%]
tests/test_constituent_proposals.py::test_constituent_proposal_creation PASSED [ 27%]
tests/test_constituent_proposals.py::test_registry_stage_constituent_add PASSED [ 27%]
tests/test_constituent_proposals.py::test_registry_stage_constituent_remove PASSED [ 28%]
tests/test_constituent_proposals.py::test_registry_activate_pending_constituent PASSED [ 28%]
tests/test_cost_features.py::test_quote_model_properties PASSED          [ 28%]
tests/test_cost_features.py::test_spread_blocking_when_too_wide PASSED   [ 28%]
tests/test_cost_features.py::test_spread_allowing_when_within_limit PASSED [ 28%]
tests/test_cost_features.py::test_limit_order_type_when_enabled PASSED   [ 28%]
tests/test_cost_features.py::test_market_order_type_when_disabled PASSED [ 29%]
tests/test_cost_features.py::test_limit_price_calculation_buy PASSED     [ 29%]
tests/test_cost_features.py::test_limit_price_calculation_sell PASSED    [ 29%]
tests/test_cost_features.py::test_edge_threshold_blocking_buy PASSED     [ 29%]
tests/test_cost_features.py::test_edge_threshold_passing_buy PASSED      [ 29%]
tests/test_cost_features.py::test_slippage_computation_in_fills PASSED   [ 29%]
tests/test_cost_features.py::test_cost_diagnostics_disabled PASSED       [ 30%]
tests/test_cost_features.py::test_mock_broker_quote_deterministic PASSED [ 30%]
tests/test_credential_management.py::test_paper_mode_uses_paper_credentials PASSED [ 30%]
tests/test_credential_management.py::test_live_mode_uses_live_credentials PASSED [ 30%]
tests/test_credential_management.py::test_paper_mode_falls_back_to_legacy_vars PASSED [ 30%]
tests/test_credential_management.py::test_live_mode_falls_back_to_legacy_vars PASSED [ 30%]
tests/test_credential_management.py::test_mode_specific_vars_take_precedence_over_legacy PASSED [ 30%]
tests/test_credential_management.py::test_paper_and_live_credentials_can_coexist PASSED [ 31%]
tests/test_credential_management.py::test_validation_passes_with_valid_paper_credentials PASSED [ 31%]
tests/test_credential_management.py::test_validation_passes_with_valid_live_credentials PASSED [ 31%]
tests/test_credential_management.py::test_validation_fails_with_missing_paper_credentials PASSED [ 31%]
tests/test_credential_management.py::test_validation_fails_with_missing_live_credentials PASSED [ 31%]
tests/test_credential_management.py::test_mock_mode_does_not_require_credentials PASSED [ 31%]
tests/test_credential_management.py::test_dry_run_mode_does_not_require_credentials PASSED [ 32%]
tests/test_credential_management.py::test_base_url_can_be_overridden PASSED [ 32%]
tests/test_credential_management.py::test_check_env_integration PASSED   [ 32%]
tests/test_credential_management.py::test_check_env_fails_with_missing_credentials PASSED [ 32%]
tests/test_credential_management.py::test_check_env_in_dry_run_mode_succeeds PASSED [ 32%]
tests/test_credential_management.py::test_check_env_shows_key_fingerprint_not_full_secret PASSED [ 32%]
tests/test_daily_loss_persistence.py::test_daily_loss_persists_across_restart PASSED [ 33%]
tests/test_daily_loss_persistence.py::test_daily_counters_reset_on_new_trading_day PASSED [ 33%]
tests/test_daily_loss_persistence.py::test_state_initialization_sets_daily_date PASSED [ 33%]
tests/test_daily_loss_persistence.py::test_get_daily_realized_pnl_defaults_to_zero PASSED [ 33%]
tests/test_daily_loss_persistence.py::test_update_daily_realized_pnl_accumulates PASSED [ 33%]
tests/test_daily_loss_persistence.py::test_daily_loss_blocks_trading_immediately_after_restart PASSED [ 33%]
tests/test_daily_loss_persistence.py::test_daily_date_timezone_is_eastern PASSED [ 34%]
tests/test_daily_loss_persistence.py::test_multiple_restarts_preserve_loss PASSED [ 34%]
tests/test_data.py::test_get_single_bar PASSED                           [ 34%]
tests/test_data.py::test_get_multiple_bars PASSED                        [ 34%]
tests/test_data.py::test_get_bars_multiple_symbols PASSED                [ 34%]
tests/test_data.py::test_bar_has_valid_ohlc PASSED                       [ 34%]
tests/test_data.py::test_mock_provider_price_variation PASSED            [ 34%]
tests/test_data.py::test_alpaca_provider_market_close_window PASSED      [ 35%]
tests/test_decision_logging.py::test_decision_logging_insufficient_data_no_crash PASSED [ 35%]
tests/test_decision_logging.py::test_decision_logging_normal_flow_no_crash PASSED [ 35%]
tests/test_dry_run.py::test_dry_run_does_not_submit_orders PASSED        [ 35%]
tests/test_dry_run.py::test_dry_run_produces_output PASSED               [ 35%]
tests/test_dry_run.py::test_live_dry_run_no_safety_gates PASSED          [ 35%]
tests/test_dry_run.py::test_paper_dry_run_no_credentials PASSED          [ 36%]
tests/test_dry_run.py::test_dry_run_with_mock_mode PASSED                [ 36%]
tests/test_dry_run.py::test_dry_run_shows_decisions PASSED               [ 36%]
tests/test_dry_run.py::test_dry_run_skips_broker_calls PASSED            [ 36%]
tests/test_dry_run.py::test_dry_run_flag_overrides_mode PASSED           [ 36%]
tests/test_dry_run.py::test_dry_run_exit_code_success PASSED             [ 36%]
tests/test_dry_run.py::test_dry_run_with_symbols PASSED                  [ 37%]
tests/test_equity_api.py::test_get_equity_series_empty FAILED            [ 37%]
tests/test_equity_api.py::test_get_equity_series_with_data PASSED        [ 37%]
tests/test_equity_api.py::test_get_equity_series_with_custom_hours PASSED [ 37%]
tests/test_equity_api.py::test_get_equity_series_caps_max_hours PASSED   [ 37%]
tests/test_equity_api.py::test_get_equity_series_filters_old_data PASSED [ 37%]
tests/test_equity_capture.py::test_capture_equity_snapshot_creates_file PASSED [ 38%]
tests/test_equity_capture.py::test_capture_equity_snapshot_appends_to_existing PASSED [ 38%]
tests/test_equity_capture.py::test_capture_equity_snapshot_caps_at_max_points PASSED [ 38%]
tests/test_equity_capture.py::test_capture_equity_snapshot_handles_missing_directory PASSED [ 38%]
tests/test_equity_capture.py::test_capture_equity_snapshot_handles_corrupted_file PASSED [ 38%]
tests/test_equity_capture.py::test_load_equity_series_returns_empty_if_no_file PASSED [ 38%]
tests/test_equity_capture.py::test_load_equity_series_filters_by_time_window PASSED [ 39%]
tests/test_equity_capture.py::test_load_equity_series_handles_corrupted_lines PASSED [ 39%]
tests/test_equity_capture.py::test_load_equity_series_handles_missing_timestamp PASSED [ 39%]
tests/test_equity_capture.py::test_capture_with_different_modes PASSED   [ 39%]
tests/test_execution.py::test_executor_reconcile_buy_order PASSED        [ 39%]
tests/test_execution.py::test_executor_reconcile_sell_order PASSED       [ 39%]
tests/test_execution.py::test_executor_reconcile_no_change PASSED        [ 39%]
tests/test_execution.py::test_executor_enforces_max_order_notional PASSED [ 40%]
tests/test_execution.py::test_executor_enforces_max_positions_notional PASSED [ 40%]
tests/test_execution.py::test_executor_dry_run_mode PASSED               [ 40%]
tests/test_execution.py::test_executor_uses_limit_orders PASSED          [ 40%]
tests/test_execution.py::test_executor_missing_price PASSED              [ 40%]
tests/test_execution.py::test_executor_flatten_position PASSED           [ 40%]
tests/test_execution.py::test_executor_slices_large_order PASSED         [ 41%]
tests/test_execution.py::test_executor_risk_reducing_sell_with_slicing PASSED [ 41%]
tests/test_execution.py::test_executor_partial_flatten_with_slicing PASSED [ 41%]
tests/test_execution.py::test_executor_buy_order_slicing PASSED          [ 41%]
tests/test_execution.py::test_executor_mixed_slicing_and_no_slicing PASSED [ 41%]
tests/test_execution.py::test_executor_skips_buy_when_single_share_exceeds_cap PASSED [ 41%]
tests/test_execution.py::test_executor_skips_buy_in_dry_run_when_single_share_exceeds_cap PASSED [ 42%]
tests/test_execution.py::test_executor_allows_risk_reducing_sell_even_if_single_share_exceeds_cap PASSED [ 42%]
tests/test_execution.py::test_executor_fractional_shares_when_enabled PASSED [ 42%]
tests/test_execution.py::test_executor_fractional_shares_dry_run PASSED  [ 42%]
tests/test_execution.py::test_executor_fractional_shares_multiple_symbols PASSED [ 42%]
tests/test_execution.py::test_executor_fractional_disabled_shows_helpful_message PASSED [ 42%]
tests/test_exit_advisor_integration.py::test_exit_advisor_initialization PASSED [ 43%]
tests/test_exit_advisor_integration.py::test_exit_advisor_scan_with_no_positions PASSED [ 43%]
tests/test_exit_advisor_integration.py::test_exit_advisor_generates_candidates PASSED [ 43%]
tests/test_exit_advisor_integration.py::test_exit_advisor_filters_low_confidence PASSED [ 43%]
tests/test_exit_advisor_integration.py::test_exit_advisor_filters_hold_signals PASSED [ 43%]
tests/test_exit_advisor_integration.py::test_exit_advisor_cooldown_prevents_rescans PASSED [ 43%]
tests/test_ledger.py::test_ledger_appends_event PASSED                   [ 43%]
tests/test_ledger.py::test_ledger_appends_multiple_events PASSED         [ 44%]
tests/test_ledger.py::test_ledger_read_all PASSED                        [ 44%]
tests/test_ledger.py::test_ledger_read_all_empty PASSED                  [ 44%]
tests/test_ledger.py::test_ledger_rebuild_state_empty PASSED             [ 44%]
tests/test_ledger.py::test_ledger_rebuild_state_with_config_activation PASSED [ 44%]
tests/test_ledger.py::test_ledger_rebuild_state_with_orders PASSED       [ 44%]
tests/test_ledger.py::test_ledger_rebuild_state_with_fills PASSED        [ 45%]
tests/test_ledger.py::test_ledger_rebuild_state_with_positions PASSED    [ 45%]
tests/test_ledger.py::test_ledger_rebuild_state_multiple_strategies PASSED [ 45%]
tests/test_ledger.py::test_ledger_rebuild_state_version_updates PASSED   [ 45%]
tests/test_ledger.py::test_ledger_handles_limit_orders PASSED            [ 45%]
tests/test_ledger.py::test_signal_generated_event_serialization PASSED   [ 45%]
tests/test_live_trading_safety.py::test_is_live_trading_mode_mock PASSED [ 46%]
tests/test_live_trading_safety.py::test_is_live_trading_mode_paper PASSED [ 46%]
tests/test_live_trading_safety.py::test_is_live_trading_mode_live PASSED [ 46%]
tests/test_live_trading_safety.py::test_is_live_trading_mode_live_case_insensitive PASSED [ 46%]
tests/test_live_trading_safety.py::test_live_trading_fails_without_flags PASSED [ 46%]
tests/test_live_trading_safety.py::test_live_trading_fails_with_only_enable_flag PASSED [ 46%]
tests/test_live_trading_safety.py::test_live_trading_fails_with_only_risk_flag PASSED [ 47%]
tests/test_live_trading_safety.py::test_live_trading_succeeds_with_both_flags PASSED [ 47%]
tests/test_live_trading_safety.py::test_paper_trading_works_without_flags PASSED [ 47%]
tests/test_live_trading_safety.py::test_mock_mode_works_without_flags PASSED [ 47%]
tests/test_live_trading_safety.py::test_config_flags_default_to_false PASSED [ 47%]
tests/test_live_trading_safety.py::test_config_flags_load_from_env PASSED [ 47%]
tests/test_live_trading_safety.py::test_config_flags_case_insensitive PASSED [ 47%]
tests/test_live_trading_safety.py::test_config_flags_false_values PASSED [ 48%]
tests/test_loop_runner.py::test_run_loop_executes_multiple_iterations PASSED [ 48%]
tests/test_loop_runner.py::test_run_loop_logs_success_to_status_log PASSED [ 48%]
tests/test_loop_runner.py::test_run_loop_catches_exceptions_and_continues PASSED [ 48%]
tests/test_loop_runner.py::test_run_loop_paper_mode_with_dry_run PASSED  [ 48%]
tests/test_loop_runner.py::test_run_result_dataclass PASSED              [ 48%]
tests/test_loop_runner.py::test_run_loop_handles_empty_strategy_weights PASSED [ 49%]
tests/test_loop_runner.py::test_run_loop_keyboard_interrupt_exits_cleanly PASSED [ 49%]
tests/test_main.py::test_setup_outputs_creates_directories PASSED        [ 49%]
tests/test_main.py::test_setup_outputs_creates_trades_csv PASSED         [ 49%]
tests/test_main.py::test_setup_outputs_idempotent PASSED                 [ 49%]
tests/test_main.py::test_write_trade_to_csv PASSED                       [ 49%]
tests/test_main.py::test_write_multiple_trades_to_csv PASSED             [ 50%]
tests/test_main.py::test_run_trading_loop_creates_trades_csv PASSED      [ 50%]
tests/test_main.py::test_run_trading_loop_creates_summary_json PASSED    [ 50%]
tests/test_main.py::test_trades_csv_empty_if_no_signals PASSED           [ 50%]
tests/test_main.py::test_summary_contains_session_and_total_counts PASSED [ 50%]
tests/test_main.py::test_session_count_vs_file_count_after_multiple_runs PASSED [ 50%]
tests/test_main.py::test_session_trade_count_tracks_correctly PASSED     [ 51%]
tests/test_main.py::test_multiple_runs_create_separate_directories PASSED [ 51%]
tests/test_mock_llm_provider.py::test_mock_provider_default_response PASSED [ 51%]
tests/test_mock_llm_provider.py::test_mock_provider_custom_response PASSED [ 51%]
tests/test_mock_llm_provider.py::test_mock_provider_call_history PASSED  [ 51%]
tests/test_models.py::test_bar_creation PASSED                           [ 51%]
tests/test_models.py::test_bar_converts_float_to_decimal PASSED          [ 52%]
tests/test_models.py::test_signal_creation PASSED                        [ 52%]
tests/test_models.py::test_order_creation PASSED                         [ 52%]
tests/test_models.py::test_position_update_price PASSED                  [ 52%]
tests/test_models.py::test_trade_record_csv_conversion PASSED            [ 52%]
tests/test_models.py::test_trade_record_csv_header PASSED                [ 52%]
tests/test_order_management_cli.py::TestListOpenOrders::test_mock_mode_succeeds_without_safety_gates PASSED [ 52%]
tests/test_order_management_cli.py::TestListOpenOrders::test_paper_mode_succeeds_without_safety_gates PASSED [ 53%]
tests/test_order_management_cli.py::TestListOpenOrders::test_live_mode_requires_safety_gates PASSED [ 53%]
tests/test_order_management_cli.py::TestListOpenOrders::test_live_mode_succeeds_with_all_safety_gates PASSED [ 53%]
tests/test_order_management_cli.py::TestListOpenOrders::test_paper_mode_without_credentials_fails PASSED [ 53%]
tests/test_order_management_cli.py::TestListOpenOrders::test_list_orders_displays_table PASSED [ 53%]
tests/test_order_management_cli.py::TestCancelOrder::test_mock_mode_succeeds_without_safety_gates PASSED [ 53%]
tests/test_order_management_cli.py::TestCancelOrder::test_paper_mode_succeeds_without_safety_gates PASSED [ 54%]
tests/test_order_management_cli.py::TestCancelOrder::test_live_mode_requires_safety_gates PASSED [ 54%]
tests/test_order_management_cli.py::TestCancelOrder::test_no_order_id_fails PASSED [ 54%]
tests/test_order_management_cli.py::TestCancelOrder::test_cancel_by_client_order_id PASSED [ 54%]
tests/test_order_management_cli.py::TestCancelOrder::test_cancel_failure_returns_error_code PASSED [ 54%]
tests/test_order_management_cli.py::TestReplaceOrder::test_mock_mode_succeeds_without_safety_gates PASSED [ 54%]
tests/test_order_management_cli.py::TestReplaceOrder::test_paper_mode_succeeds_without_safety_gates PASSED [ 55%]
tests/test_order_management_cli.py::TestReplaceOrder::test_live_mode_requires_safety_gates PASSED [ 55%]
tests/test_order_management_cli.py::TestReplaceOrder::test_replace_validates_through_risk_manager PASSED [ 55%]
tests/test_order_management_cli.py::TestReplaceOrder::test_replace_failure_returns_error_code PASSED [ 55%]
tests/test_order_management_cli.py::TestExitCodes::test_list_success_returns_zero PASSED [ 55%]
tests/test_order_management_cli.py::TestExitCodes::test_list_user_error_returns_one PASSED [ 55%]
tests/test_order_management_cli.py::TestExitCodes::test_cancel_success_returns_zero PASSED [ 56%]
tests/test_order_management_cli.py::TestExitCodes::test_cancel_user_error_returns_one PASSED [ 56%]
tests/test_order_pipeline.py::test_successful_order_submission PASSED    [ 56%]
tests/test_order_pipeline.py::test_risk_check_signal_fails_broker_not_called PASSED [ 56%]
tests/test_order_pipeline.py::test_risk_check_max_positions_fails_broker_not_called PASSED [ 56%]
tests/test_order_pipeline.py::test_risk_check_daily_loss_fails_broker_not_called PASSED [ 56%]
tests/test_order_pipeline.py::test_quantity_check_fails_broker_not_called PASSED [ 56%]
tests/test_order_pipeline.py::test_idempotency_state_prevents_broker_call PASSED [ 57%]
tests/test_order_pipeline.py::test_idempotency_broker_prevents_duplicate PASSED [ 57%]
tests/test_order_pipeline.py::test_all_checks_executed_in_order PASSED   [ 57%]
tests/test_order_pipeline.py::test_csv_files_only_written_on_success PASSED [ 57%]
tests/test_order_pipeline.py::test_deterministic_client_order_id PASSED  [ 57%]
tests/test_phase_a.py::test_build_client_order_id PASSED                 [ 57%]
tests/test_phase_a.py::test_build_client_order_id_uniqueness PASSED      [ 58%]
tests/test_phase_a.py::test_state_save_and_load PASSED                   [ 58%]
tests/test_phase_a.py::test_state_load_nonexistent PASSED                [ 58%]
tests/test_phase_a.py::test_setup_outputs_creates_all_csvs PASSED        [ 58%]
tests/test_phase_a.py::test_run_trading_loop_creates_run_id PASSED       [ 58%]
tests/test_phase_a.py::test_run_trading_loop_writes_run_id_to_trades PASSED [ 58%]
tests/test_phase_a.py::test_idempotency_prevents_duplicate_orders PASSED [ 59%]
tests/test_phase_a.py::test_state_persists_across_runs PASSED            [ 59%]
tests/test_phase_a.py::test_orders_csv_and_fills_csv_populated PASSED    [ 59%]
tests/test_phase_a.py::test_trade_record_with_run_id_and_client_order_id PASSED [ 59%]
tests/test_phase_a.py::test_order_record_csv PASSED                      [ 59%]
tests/test_phase_a.py::test_fill_record_csv PASSED                       [ 59%]
tests/test_reconciliation.py::test_reconcile_empty_broker_and_state PASSED [ 60%]
tests/test_reconciliation.py::test_reconcile_broker_has_orders_state_empty PASSED [ 60%]
tests/test_reconciliation.py::test_reconcile_state_has_orders_broker_empty PASSED [ 60%]
tests/test_reconciliation.py::test_reconcile_partial_overlap_orders PASSED [ 60%]
tests/test_reconciliation.py::test_reconcile_broker_has_positions_risk_manager_empty PASSED [ 60%]
tests/test_reconciliation.py::test_reconcile_risk_manager_has_positions_broker_empty PASSED [ 60%]
tests/test_reconciliation.py::test_reconcile_positions_need_sync PASSED  [ 60%]
tests/test_reconciliation.py::test_reconcile_partial_overlap_positions PASSED [ 61%]
tests/test_reconciliation.py::test_reconcile_without_risk_manager PASSED [ 61%]
tests/test_reconciliation.py::test_reconcile_handles_broker_errors PASSED [ 61%]
tests/test_reconciliation.py::test_alpaca_broker_get_open_orders_uses_correct_request PASSED [ 61%]
tests/test_risk.py::test_signal_passes_basic_checks PASSED               [ 61%]
tests/test_risk.py::test_symbol_not_in_allowlist PASSED                  [ 61%]
tests/test_risk.py::test_max_positions_limit PASSED                      [ 62%]
tests/test_risk.py::test_daily_loss_limit PASSED                         [ 62%]
tests/test_risk.py::test_order_quantity_too_large PASSED                 [ 62%]
tests/test_risk.py::test_order_quantity_negative PASSED                  [ 62%]
tests/test_risk.py::test_order_quantity_valid PASSED                     [ 62%]
tests/test_risk.py::test_position_update_new_position PASSED             [ 62%]
tests/test_risk.py::test_position_update_close_position PASSED           [ 63%]
tests/test_risk.py::test_reset_daily_pnl PASSED                          [ 63%]
tests/test_risk_limits.py::test_order_notional_blocks_over_limit PASSED  [ 63%]
tests/test_risk_limits.py::test_order_notional_allows_at_limit PASSED    [ 63%]
tests/test_risk_limits.py::test_order_notional_allows_under_limit PASSED [ 63%]
tests/test_risk_limits.py::test_daily_loss_blocks_when_limit_exceeded PASSED [ 63%]
tests/test_risk_limits.py::test_daily_loss_blocks_when_limit_exceeded_negative PASSED [ 64%]
tests/test_risk_limits.py::test_daily_loss_allows_when_under_limit PASSED [ 64%]
tests/test_risk_limits.py::test_daily_loss_allows_positive_pnl PASSED    [ 64%]
tests/test_risk_limits.py::test_exposure_blocks_when_limit_exceeded PASSED [ 64%]
tests/test_risk_limits.py::test_exposure_allows_when_at_limit PASSED     [ 64%]
tests/test_risk_limits.py::test_exposure_allows_when_under_limit PASSED  [ 64%]
tests/test_risk_limits.py::test_exposure_allows_empty_positions PASSED   [ 65%]
tests/test_risk_limits.py::test_exposure_calculation_uses_abs_quantity PASSED [ 65%]
tests/test_risk_limits.py::test_notional_calculation_uses_abs_value PASSED [ 65%]
tests/test_risk_limits.py::test_multiple_positions_exposure PASSED       [ 65%]
tests/test_runner.py::test_mock_market_data_provider PASSED              [ 65%]
tests/test_runner.py::test_run_shadow_mode_with_mock_data PASSED         [ 65%]
tests/test_runner.py::test_run_shadow_mode_exits_with_no_universe FAILED [ 65%]
tests/test_runtime_state.py::test_runtime_state_creation PASSED          [ 66%]
tests/test_runtime_state.py::test_runtime_state_with_values PASSED       [ 66%]
tests/test_runtime_state.py::test_load_runtime_state_nonexistent PASSED  [ 66%]
tests/test_runtime_state.py::test_save_and_load_runtime_state PASSED     [ 66%]
tests/test_runtime_state.py::test_save_runtime_state_updates_timestamp PASSED [ 66%]
tests/test_runtime_state.py::test_load_runtime_state_corrupted_json PASSED [ 66%]
tests/test_runtime_state.py::test_save_runtime_state_atomic PASSED       [ 67%]
tests/test_runtime_state.py::test_runtime_state_file_format PASSED       [ 67%]
tests/test_runtime_state.py::test_runtime_state_multiple_saves PASSED    [ 67%]
tests/test_runtime_state.py::test_runtime_state_directory_creation PASSED [ 67%]
tests/test_selector.py::TestSectorClassification::test_classify_automation_sector PASSED [ 67%]
tests/test_selector.py::TestSectorClassification::test_classify_energy_sector PASSED [ 67%]
tests/test_selector.py::TestSectorClassification::test_classify_automation_with_plc_keywords PASSED [ 68%]
tests/test_selector.py::TestSectorClassification::test_classify_energy_with_oil_gas PASSED [ 68%]
tests/test_selector.py::TestSectorClassification::test_classify_no_match_returns_none PASSED [ 68%]
tests/test_selector.py::TestSectorClassification::test_classify_prefers_highest_keyword_count PASSED [ 68%]
tests/test_selector.py::TestSymbolExtraction::test_extract_symbol_parentheses PASSED [ 68%]
tests/test_selector.py::TestSymbolExtraction::test_extract_symbol_colon PASSED [ 68%]
tests/test_selector.py::TestSymbolExtraction::test_extract_symbol_dollar_sign PASSED [ 69%]
tests/test_selector.py::TestSymbolExtraction::test_extract_symbol_no_match_returns_none PASSED [ 69%]
tests/test_selector.py::TestSymbolExtraction::test_extract_symbol_ignores_lowercase PASSED [ 69%]
tests/test_selector.py::TestSymbolExtraction::test_extract_symbol_ignores_long_codes PASSED [ 69%]
tests/test_selector.py::TestSymbolExtraction::test_extract_first_symbol_when_multiple PASSED [ 69%]
tests/test_selector.py::TestActionMapping::test_map_action_buy_beats_earnings PASSED [ 69%]
tests/test_selector.py::TestActionMapping::test_map_action_buy_raises_guidance PASSED [ 69%]
tests/test_selector.py::TestActionMapping::test_map_action_sell_misses_guidance PASSED [ 70%]
tests/test_selector.py::TestActionMapping::test_map_action_sell_lawsuit PASSED [ 70%]
tests/test_selector.py::TestActionMapping::test_map_action_watch_neutral_news PASSED [ 70%]
tests/test_selector.py::TestActionMapping::test_map_action_prioritizes_sell_signals PASSED [ 70%]
tests/test_selector.py::TestConfidenceScoring::test_confidence_base_score PASSED [ 70%]
tests/test_selector.py::TestConfidenceScoring::test_confidence_with_strong_keyword PASSED [ 70%]
tests/test_selector.py::TestConfidenceScoring::test_confidence_uncertain_symbol_penalty PASSED [ 71%]
tests/test_selector.py::TestConfidenceScoring::test_confidence_capped_at_max PASSED [ 71%]
tests/test_selector.py::TestConfidenceScoring::test_confidence_clamped_at_min PASSED [ 71%]
tests/test_selector.py::TestSnapshotWriting::test_write_snapshot_creates_file PASSED [ 71%]
tests/test_selector.py::TestSnapshotWriting::test_write_events_creates_jsonl PASSED [ 71%]
tests/test_selector.py::TestSnapshotWriting::test_candidate_schema_validity PASSED [ 71%]
tests/test_selector.py::TestEndToEnd::test_run_with_automation_fixture PASSED [ 72%]
tests/test_selector.py::TestEndToEnd::test_run_with_energy_fixture PASSED [ 72%]
tests/test_selector.py::TestEndToEnd::test_run_with_both_fixtures PASSED [ 72%]
tests/test_selector.py::TestEndToEnd::test_run_respects_max_candidates_limit PASSED [ 72%]
tests/test_selector.py::TestEndToEnd::test_run_logs_events PASSED        [ 72%]
tests/test_selector.py::TestEndToEnd::test_run_no_network_calls PASSED   [ 72%]
tests/test_selector.py::TestLiquidityFloor::test_liquidity_check_passes_with_sufficient_volume PASSED [ 73%]
tests/test_selector.py::TestLiquidityFloor::test_liquidity_check_passes_at_exact_floor PASSED [ 73%]
tests/test_selector.py::TestLiquidityFloor::test_liquidity_check_fails_below_floor PASSED [ 73%]
tests/test_selector.py::TestLiquidityFloor::test_liquidity_check_passes_with_none PASSED [ 73%]
tests/test_selector.py::TestLiquidityFloor::test_liquidity_check_fails_with_very_low_volume PASSED [ 73%]
tests/test_selector.py::TestVaguenessPenalty::test_vagueness_penalty_applied_without_hard_actions PASSED [ 73%]
tests/test_selector.py::TestVaguenessPenalty::test_no_vagueness_penalty_with_hard_actions PASSED [ 73%]
tests/test_selector.py::TestVaguenessPenalty::test_no_vagueness_penalty_without_speculative_words PASSED [ 74%]
tests/test_selector.py::TestVaguenessPenalty::test_vagueness_with_explores_keyword PASSED [ 74%]
tests/test_selector.py::TestVaguenessPenalty::test_vagueness_with_considers_keyword PASSED [ 74%]
tests/test_selector.py::TestDuplicateSuppression::test_first_candidate_not_duplicate PASSED [ 74%]
tests/test_selector.py::TestDuplicateSuppression::test_immediate_duplicate_is_suppressed PASSED [ 74%]
tests/test_selector.py::TestDuplicateSuppression::test_duplicate_after_window_allowed PASSED [ 74%]
tests/test_selector.py::TestDuplicateSuppression::test_different_action_not_duplicate PASSED [ 75%]
tests/test_selector.py::TestDuplicateSuppression::test_different_symbol_not_duplicate PASSED [ 75%]
tests/test_selector.py::TestDuplicateSuppression::test_duplicate_tracking_cleans_expired PASSED [ 75%]
tests/test_selector.py::TestRejectionReasonLogging::test_rejection_no_sector PASSED [ 75%]
tests/test_selector.py::TestRejectionReasonLogging::test_rejection_no_symbol PASSED [ 75%]
tests/test_selector.py::TestRejectionReasonLogging::test_rejection_low_confidence SKIPPED [ 75%]
tests/test_selector.py::TestRejectionReasonLogging::test_rejection_duplicate PASSED [ 76%]
tests/test_selector.py::TestRejectionReasonLogging::test_rejection_allowlist PASSED [ 76%]
tests/test_selector.py::TestRejectionReasonLogging::test_rejection_denylist PASSED [ 76%]
tests/test_selector.py::TestStatsAggregation::test_compute_stats_empty_events PASSED [ 76%]
tests/test_selector.py::TestStatsAggregation::test_compute_stats_single_candidate PASSED [ 76%]
tests/test_selector.py::TestStatsAggregation::test_compute_stats_rejection_reasons PASSED [ 76%]
tests/test_selector.py::TestStatsAggregation::test_compute_stats_mixed_outcomes PASSED [ 77%]
tests/test_selector.py::TestTickerValidation::test_validation_rejects_ceo_stopword FAILED [ 77%]
tests/test_selector.py::TestTickerValidation::test_validation_accepts_valid_ticker FAILED [ 77%]
tests/test_selector.py::TestTickerValidation::test_snapshot_includes_validation_stats FAILED [ 77%]
tests/test_session_loss.py::test_session_loss_disabled_by_default PASSED [ 77%]
tests/test_session_loss.py::test_session_loss_blocks_when_limit_exceeded PASSED [ 77%]
tests/test_session_loss.py::test_session_loss_allows_trading_under_limit PASSED [ 78%]
tests/test_session_loss.py::test_session_loss_at_exact_threshold PASSED  [ 78%]
tests/test_session_loss.py::test_session_loss_accumulates_from_position_closes PASSED [ 78%]
tests/test_session_loss.py::test_session_loss_partial_position_close PASSED [ 78%]
tests/test_session_loss.py::test_session_loss_not_persisted_across_restarts PASSED [ 78%]
tests/test_session_loss.py::test_session_kill_switch_warning_logged_once PASSED [ 78%]
tests/test_session_loss.py::test_session_and_daily_loss_independent PASSED [ 78%]
tests/test_session_loss.py::test_session_loss_works_in_mock_mode PASSED  [ 79%]
tests/test_shadow_pnl.py::test_symbol_returns_calculation PASSED         [ 79%]
tests/test_shadow_pnl.py::test_symbol_returns_first_run_no_previous PASSED [ 79%]
tests/test_shadow_pnl.py::test_notional_exposure_equal_allocation PASSED [ 79%]
tests/test_shadow_pnl.py::test_notional_exposure_zero_target_qty_excluded PASSED [ 79%]
tests/test_shadow_pnl.py::test_strategy_performance_update PASSED        [ 79%]
tests/test_shadow_pnl.py::test_weight_gating_insufficient_samples PASSED [ 80%]
tests/test_shadow_pnl.py::test_weight_update_sufficient_samples PASSED   [ 80%]
tests/test_shadow_pnl.py::test_weight_bounds_enforcement PASSED          [ 80%]
tests/test_shadow_pnl.py::test_drawdown_calculation PASSED               [ 80%]
tests/test_shadow_pnl.py::test_state_persistence PASSED                  [ 80%]
tests/test_shadow_pnl.py::test_initialize_strategy_states PASSED         [ 80%]
tests/test_status.py::test_status_works_in_mock_mode PASSED              [ 81%]
tests/test_status.py::test_status_reflects_daily_pnl_from_state PASSED   [ 81%]
tests/test_status.py::test_status_reflects_session_pnl_as_zero PASSED    [ 81%]
tests/test_status.py::test_status_reflects_daily_kill_switch_tripped PASSED [ 81%]
tests/test_status.py::test_status_reflects_daily_kill_switch_not_tripped PASSED [ 81%]
tests/test_status.py::test_status_reflects_session_kill_switch_not_tripped PASSED [ 81%]
tests/test_status.py::test_status_reflects_open_positions_count PASSED   [ 82%]
tests/test_status.py::test_status_reflects_open_orders_count PASSED      [ 82%]
tests/test_status.py::test_status_json_has_all_required_fields PASSED    [ 82%]
tests/test_status.py::test_status_timestamps_are_valid_iso_format PASSED [ 82%]
tests/test_strategies.py::test_trend_strategy_bullish_signal PASSED      [ 82%]
tests/test_strategies.py::test_trend_strategy_bearish_signal PASSED      [ 82%]
tests/test_strategies.py::test_trend_strategy_skips_missing_data PASSED  [ 82%]
tests/test_strategies.py::test_mean_reversion_oversold_signal PASSED     [ 83%]
tests/test_strategies.py::test_mean_reversion_overbought_signal PASSED   [ 83%]
tests/test_strategies.py::test_mean_reversion_neutral_signal PASSED      [ 83%]
tests/test_strategies.py::test_strategy_handles_multiple_symbols PASSED  [ 83%]
tests/test_strategies.py::test_position_intent_dataclass PASSED          [ 83%]
tests/test_strategy.py::test_calculate_sma PASSED                        [ 83%]
tests/test_strategy.py::test_calculate_sma_insufficient_data PASSED      [ 84%]
tests/test_strategy.py::test_is_market_hours_during_hours PASSED         [ 84%]
tests/test_strategy.py::test_is_market_hours_before_open PASSED          [ 84%]
tests/test_strategy.py::test_is_market_hours_after_close PASSED          [ 84%]
tests/test_strategy.py::test_is_market_hours_weekend PASSED              [ 84%]
tests/test_strategy.py::test_golden_cross_generates_buy_signal PASSED    [ 84%]
tests/test_strategy.py::test_death_cross_generates_sell_signal PASSED    [ 85%]
tests/test_strategy.py::test_no_signal_without_position_on_death_cross PASSED [ 85%]
tests/test_strategy.py::test_no_signal_with_position_on_golden_cross PASSED [ 85%]
tests/test_strategy.py::test_insufficient_bars_no_signal PASSED          [ 85%]
tests/test_strategy.py::test_get_exchange_time_override PASSED           [ 85%]
tests/test_strategy.py::test_get_exchange_time_invalid_format PASSED     [ 85%]
tests/test_strategy_registry.py::test_registry_loads_base_config PASSED  [ 86%]
tests/test_strategy_registry.py::test_registry_get_enabled_strategies PASSED [ 86%]
tests/test_strategy_registry.py::test_registry_stage_change PASSED       [ 86%]
tests/test_strategy_registry.py::test_registry_activate_pending PASSED   [ 86%]
tests/test_strategy_registry.py::test_registry_persists_overrides PASSED [ 86%]
tests/test_strategy_registry.py::test_registry_loads_with_overrides PASSED [ 86%]
tests/test_strategy_registry.py::test_registry_weight_validation PASSED  [ 86%]
tests/test_strategy_registry.py::test_registry_unknown_strategy PASSED   [ 87%]
tests/test_symbol_eligibility.py::test_whitelist_allows_listed_symbol PASSED [ 87%]
tests/test_symbol_eligibility.py::test_whitelist_blocks_unlisted_symbol PASSED [ 87%]
tests/test_symbol_eligibility.py::test_blacklist_blocks_symbol PASSED    [ 87%]
tests/test_symbol_eligibility.py::test_blacklist_wins_over_whitelist PASSED [ 87%]
tests/test_symbol_eligibility.py::test_require_quote_blocks_when_missing PASSED [ 87%]
tests/test_symbol_eligibility.py::test_min_price_blocks_low_priced_symbol PASSED [ 88%]
tests/test_symbol_eligibility.py::test_max_price_blocks_high_priced_symbol PASSED [ 88%]
tests/test_symbol_eligibility.py::test_avg_volume_blocks_low_volume_symbol PASSED [ 88%]
tests/test_symbol_eligibility.py::test_happy_path_allows_eligible_symbol PASSED [ 88%]
tests/test_symbol_eligibility.py::test_empty_whitelist_allows_all_symbols PASSED [ 88%]
tests/test_ticker_validation.py::test_validator_accepts_valid_ticker PASSED [ 88%]
tests/test_ticker_validation.py::test_validator_rejects_stopword PASSED  [ 89%]
tests/test_ticker_validation.py::test_validator_rejects_invalid_format PASSED [ 89%]
tests/test_ticker_validation.py::test_validator_custom_stopwords PASSED  [ 89%]
tests/test_ui_api_enhancements.py::test_update_sector_tickers_add PASSED [ 89%]
tests/test_ui_api_enhancements.py::test_update_sector_tickers_remove PASSED [ 89%]
tests/test_ui_api_enhancements.py::test_update_sector_tickers_invalid_sector PASSED [ 89%]
tests/test_ui_api_enhancements.py::test_update_sector_tickers_empty_request PASSED [ 90%]
tests/test_ui_api_enhancements.py::test_update_account_summary PASSED    [ 90%]
tests/test_ui_api_enhancements.py::test_get_account_performance_unavailable PASSED [ 90%]
tests/test_ui_api_enhancements.py::test_get_account_performance_with_broker FAILED [ 90%]
tests/test_universe.py::test_resolve_universe_legacy_format PASSED       [ 90%]
tests/test_universe.py::test_resolve_universe_new_sector_format PASSED   [ 90%]
tests/test_universe.py::test_resolve_universe_disabled_sector PASSED     [ 91%]
tests/test_universe.py::test_resolve_universe_deduplication PASSED       [ 91%]
tests/test_universe.py::test_resolve_universe_alphabetical_fallback PASSED [ 91%]
tests/test_universe.py::test_resolve_universe_preserve_order PASSED      [ 91%]
tests/test_universe.py::test_resolve_universe_empty PASSED               [ 91%]
tests/test_universe.py::test_resolve_universe_empty_sectors PASSED       [ 91%]
tests/test_universe.py::test_load_universe_config_legacy PASSED          [ 91%]
tests/test_universe.py::test_load_universe_config_sectors PASSED         [ 92%]
tests/test_universe.py::test_sector_config_defaults PASSED               [ 92%]
tests/test_universe.py::test_backward_compatibility_exact_match PASSED   [ 92%]
tests/test_universe.py::test_resolve_universe_default_enabled PASSED     [ 92%]
tests/test_universe.py::test_resolve_universe_multiple_disabled_sectors PASSED [ 92%]
tests/test_universe_advisor.py::test_load_recent_rss_events_no_file PASSED [ 92%]
tests/test_universe_advisor.py::test_load_recent_rss_events_with_filter PASSED [ 93%]
tests/test_universe_advisor.py::test_load_recent_rss_events_deduplication PASSED [ 93%]
tests/test_universe_advisor.py::test_create_proposal PASSED              [ 93%]
tests/test_universe_advisor.py::test_merge_ensemble_responses_agreement PASSED [ 93%]
tests/test_universe_advisor.py::test_merge_ensemble_responses_contradiction PASSED [ 93%]
tests/test_universe_advisor.py::test_merge_ensemble_responses_single_provider PASSED [ 93%]
tests/test_universe_advisor.py::test_generate_proposals_openai_only PASSED [ 94%]
tests/test_universe_advisor.py::test_apply_guardrails_confidence_filter PASSED [ 94%]
tests/test_universe_advisor.py::test_apply_guardrails_cooldown PASSED    [ 94%]
tests/test_universe_advisor.py::test_save_and_load_proposals PASSED      [ 94%]
tests/test_universe_advisor.py::test_append_to_history PASSED            [ 94%]
tests/test_universe_advisor.py::test_combine_headlines PASSED            [ 94%]
tests/test_universe_advisor.py::test_apply_guardrails_ttl_expired PASSED [ 95%]
tests/test_universe_advisor.py::test_apply_guardrails_max_toggles_per_day PASSED [ 95%]
tests/test_universe_advisor.py::test_generate_proposals_primary_fallback PASSED [ 95%]
tests/test_universe_advisor.py::test_generate_proposals_ensemble PASSED  [ 95%]
tests/test_universe_advisor_regime.py::test_detect_regime_bull_low_vol PASSED [ 95%]
tests/test_universe_advisor_regime.py::test_detect_regime_bull_high_vol PASSED [ 95%]
tests/test_universe_advisor_regime.py::test_detect_regime_bear_low_vol PASSED [ 95%]
tests/test_universe_advisor_regime.py::test_detect_regime_bear_high_vol PASSED [ 96%]
tests/test_universe_advisor_regime.py::test_detect_regime_insufficient_data PASSED [ 96%]
tests/test_universe_advisor_regime.py::test_detect_regime_no_spy_data PASSED [ 96%]
tests/test_universe_advisor_regime.py::test_regime_confidence_increases_with_data PASSED [ 96%]
tests/test_universe_advisor_regime.py::test_regime_timestamp_is_recent PASSED [ 96%]
tests/test_universe_advisor_regime.py::test_volatility_buckets PASSED    [ 96%]
tests/test_universe_registry.py::test_registry_initialization_no_overrides PASSED [ 97%]
tests/test_universe_registry.py::test_registry_initialization_with_overrides PASSED [ 97%]
tests/test_universe_registry.py::test_stage_change_creates_override PASSED [ 97%]
tests/test_universe_registry.py::test_stage_change_updates_existing_override PASSED [ 97%]
tests/test_universe_registry.py::test_stage_change_invalid_sector PASSED [ 97%]
tests/test_universe_registry.py::test_save_overrides_atomic_write PASSED [ 97%]
tests/test_universe_registry.py::test_load_overrides_handles_missing_file PASSED [ 98%]
tests/test_universe_registry.py::test_check_and_activate_pending PASSED  [ 98%]
tests/test_universe_registry.py::test_check_and_activate_pending_no_changes PASSED [ 98%]
tests/test_universe_registry.py::test_reset_to_defaults PASSED           [ 98%]
tests/test_universe_registry.py::test_resolve_respects_enabled_flags PASSED [ 98%]
tests/test_universe_registry.py::test_resolve_all_disabled PASSED        [ 98%]
tests/test_universe_registry.py::test_backward_compatibility_no_overrides_file PASSED [ 99%]
tests/test_universe_registry.py::test_override_unknown_sector_ignored PASSED [ 99%]
tests/test_universe_registry.py::test_multiple_stage_and_activate_cycles PASSED [ 99%]
tests/test_yaml_config.py::test_load_yaml_config_with_valid_file PASSED  [ 99%]
tests/test_yaml_config.py::test_load_yaml_config_with_missing_file PASSED [ 99%]
tests/test_yaml_config.py::test_load_config_with_yaml_merges_values PASSED [ 99%]
tests/test_yaml_config.py::test_load_config_with_yaml_uses_defaults_when_yaml_missing PASSED [100%]

================================== FAILURES ===================================
________________________ test_get_equity_series_empty _________________________
tests\test_equity_api.py:35: in test_get_equity_series_empty
    assert data["points"] == []
E   AssertionError: assert [{'cash': 792...+00:00'}, ...] == []
E     
E     Left contains 277 more items, first extra item: {'cash': 79298.21, 'equity': 100287.68, 'mode': 'mock', 'timestamp': '2026-01-12T19:57:28.986387+00:00'}
E     
E     Full diff:
E     - []
E     + [
E     +     {...
E     
E     ...Full output truncated (1662 lines hidden), use '-vv' to show
------------------------------ Captured log call ------------------------------
INFO     httpx:_client.py:1025 HTTP Request: GET http://testserver/account/performance/series "HTTP/1.1 200 OK"
_________________ test_run_shadow_mode_exits_with_no_universe _________________
tests\test_runner.py:77: in test_run_shadow_mode_exits_with_no_universe
    run_shadow_mode()
src\app\runner.py:400: in run_shadow_mode
    raise ValueError(error_msg)
E   ValueError: ERROR: No symbols in universe. Check config/config.yaml, ALLOWED_SYMBOLS env var, or candidate snapshot.
---------------------------- Captured stdout call -----------------------------
================================================================================
SHADOW MODE: Strategy Runner (No Orders)
================================================================================
Timeframe: 1h
Universe: 
Max Order USD: $100
Max Daily Loss USD: $250
Max Gross Exposure USD: $10000

Loading candidates...
  Loaded 0 candidates, 0 tradeable
  Universe from config: 
ERROR: No symbols in universe. Check config/config.yaml, ALLOWED_SYMBOLS env var, or candidate snapshot.
__________ TestTickerValidation.test_validation_rejects_ceo_stopword __________
tests\test_selector.py:886: in test_validation_rejects_ceo_stopword
    assert len(candidates) == 0
E   AssertionError: assert 2 == 0
E    +  where 2 = len([Candidate(candidate_id='rss-20260113145847-SCR', created_at='2026-01-13T14:58:47.859952-05:00', expires_at='2026-01-13T18:58:47.859952-05:00', symbol='SCR', action='watch', confidence=0.6, horizon='intraday', sector='automation', event_type='rss_headline', tags=['automation'], reason='Autonomous trucks are a growing sector, but market readiness is still uncertain.', avg_dollar_volume=None), Candidate(candidate_id='rss-20260113145849-GSK', created_at='2026-01-13T14:58:49.537072-05:00', expires_at='2026-01-13T18:58:49.537072-05:00', symbol='GSK', action='watch', confidence=0.7, horizon='intraday', sector='healthcare', event_type='rss_headline', tags=['automation'], reason='Presentation at a major conference could indicate future developments, but no immediate action signal.', avg_dollar_volume=None)])
---------------------------- Captured stdout setup ----------------------------
WARNING: Active universe file has no symbols, using configured allowlist
------------------------------ Captured log call ------------------------------
INFO     httpx:_client.py:1025 HTTP Request: POST https://api.openai.com/v1/chat/completions "HTTP/1.1 200 OK"
__________ TestTickerValidation.test_validation_accepts_valid_ticker __________
tests\test_selector.py:907: in test_validation_accepts_valid_ticker
    assert len(candidates) == 1
E   AssertionError: assert 3 == 1
E    +  where 3 = len([Candidate(candidate_id='rss-20260113145855-ROK', created_at='2026-01-13T14:58:55.256341-05:00', expires_at='2026-01-13T17:58:55.256341-05:00', symbol='ROK', action='buy', confidence=0.9, horizon='intraday', sector='automation', event_type='rss_headline', tags=['automation'], reason='Record revenue and earnings beat indicate strong performance.', avg_dollar_volume=None), Candidate(candidate_id='rss-20260113145857-SCR', created_at='2026-01-13T14:58:57.377618-05:00', expires_at='2026-01-13T18:58:57.377618-05:00', symbol='SCR', action='watch', confidence=0.6, horizon='intraday', sector='automation', event_type='rss_headline', tags=['automation'], reason='Interesting developments in autonomous trucks, but uncertain market impact.', avg_dollar_volume=None), Candidate(candidate_id='rss-20260113145859-GSK', created_at='2026-01-13T14:58:59.103520-05:00', expires_at='2026-01-13T18:58:59.103520-05:00', symbol='GSK', action='watch', confidence=0.65, horizon='intraday', sector='healthcare', event_type='rss_headline', tags=['automation'], reason='Presentation at a major conference could influence stock, but unclear immediate impact.', avg_dollar_volume=None)])
---------------------------- Captured stdout setup ----------------------------
WARNING: Active universe file has no symbols, using configured allowlist
------------------------------ Captured log call ------------------------------
INFO     httpx:_client.py:1025 HTTP Request: POST https://api.openai.com/v1/chat/completions "HTTP/1.1 200 OK"
________ TestTickerValidation.test_snapshot_includes_validation_stats _________
tests\test_selector.py:944: in test_snapshot_includes_validation_stats
    assert snapshot["metadata"]["source"] == "rss"  # No LLM by default
    ^^^^^^^^^^^^^^^^^^^^^^^^^^^^^^^^^^^^^^^^^^^^^^
E   AssertionError: assert 'rss+llm' == 'rss'
E     
E     - rss
E     + rss+llm
---------------------------- Captured stdout setup ----------------------------
WARNING: Active universe file has no symbols, using configured allowlist
------------------------------ Captured log call ------------------------------
INFO     httpx:_client.py:1025 HTTP Request: POST https://api.openai.com/v1/chat/completions "HTTP/1.1 200 OK"
__________________ test_get_account_performance_with_broker ___________________
tests\test_ui_api_enhancements.py:195: in test_get_account_performance_with_broker
    assert result["equity"] == 100000.0
E   assert 1.0 == 100000.0
------------------------------ Captured log call ------------------------------
INFO     httpx:_client.py:1025 HTTP Request: GET http://testserver/account/performance "HTTP/1.1 200 OK"
============================== warnings summary ===============================
src\ui_api\app.py:407
  C:\dev\ai-trader\src\ui_api\app.py:407: PydanticDeprecatedSince20: `min_items` is deprecated and will be removed, use `min_length` instead. Deprecated in Pydantic V2.0 to be removed in V3.0. See Pydantic V2 Migration Guide at https://errors.pydantic.dev/2.12/migration/
    tickers: list[str] = Field(..., min_items=1, description="Tickers to add/remove")

.venv\Lib\site-packages\websockets\legacy\__init__.py:6
  C:\dev\ai-trader\.venv\Lib\site-packages\websockets\legacy\__init__.py:6: DeprecationWarning: websockets.legacy is deprecated; see https://websockets.readthedocs.io/en/stable/howto/upgrade.html for upgrade instructions
    warnings.warn(  # deprecated in 14.0 - 2024-11-09

-- Docs: https://docs.pytest.org/en/stable/how-to/capture-warnings.html
=========================== short test summary info ===========================
FAILED tests/test_equity_api.py::test_get_equity_series_empty - AssertionErro...
FAILED tests/test_runner.py::test_run_shadow_mode_exits_with_no_universe - Va...
FAILED tests/test_selector.py::TestTickerValidation::test_validation_rejects_ceo_stopword
FAILED tests/test_selector.py::TestTickerValidation::test_validation_accepts_valid_ticker
FAILED tests/test_selector.py::TestTickerValidation::test_snapshot_includes_validation_stats
FAILED tests/test_ui_api_enhancements.py::test_get_account_performance_with_broker
====== 6 failed, 616 passed, 1 skipped, 2 warnings in 148.20s (0:02:28) =======
